<?xml version="1.0" encoding="UTF-8"?>
<!-- Generated by org.testng.reporters.JUnitReportReporter -->
<testsuite hostname="DESKTOP-D3APFNB" failures="0" tests="3" name="tests.CabBookingTest" time="23.039" errors="0" timestamp="2025-07-25T09:28:48 IST" skipped="0">
  <testcase classname="tests.CabBookingTest" name="testCabFare" time="15.153"/>
  <testcase classname="tests.CabBookingTest" name="testInvalidEmailGiftCard" time="6.188"/>
  <testcase classname="tests.CabBookingTest" name="testHotelAdultCount" time="1.698"/>
</testsuite> <!-- tests.CabBookingTest -->
