<?xml version="1.0" encoding="UTF-8"?>
<!-- Generated by org.testng.reporters.JUnitReportReporter -->
<testsuite hostname="DESKTOP-D3APFNB" failures="0" tests="3" name="tests.CabBookingTest" time="43.290" errors="0" timestamp="2025-07-29T15:01:32 IST" skipped="0">
  <testcase classname="tests.CabBookingTest" name="testCabFare" time="21.163"/>
  <testcase classname="tests.CabBookingTest" name="testInvalidEmailGiftCard" time="20.296"/>
  <testcase classname="tests.CabBookingTest" name="testHotelAdultCount" time="1.831"/>
</testsuite> <!-- tests.CabBookingTest -->
