<?xml version="1.0" encoding="UTF-8"?>
<!-- Generated by org.testng.reporters.JUnitReportReporter -->
<testsuite hostname="DESKTOP-D3APFNB" failures="0" tests="3" name="testCases.CabBookingTest" time="45.688" errors="0" timestamp="2025-07-31T11:23:59 IST" skipped="0">
  <testcase classname="testCases.CabBookingTest" name="testCabFare" time="21.015"/>
  <testcase classname="testCases.CabBookingTest" name="testInvalidEmailGiftCard" time="22.631"/>
  <testcase classname="testCases.CabBookingTest" name="testHotelAdultCount" time="2.042"/>
</testsuite> <!-- testCases.CabBookingTest -->
