<?xml version="1.0" encoding="UTF-8"?>
<!-- Generated by org.testng.reporters.JUnitReportReporter -->
<testsuite hostname="DESKTOP-D3APFNB" failures="0" tests="3" name="testCases.CabBookingTest" time="52.403" errors="0" timestamp="2025-08-02T10:55:12 IST" skipped="0">
  <testcase classname="testCases.CabBookingTest" name="testCabFare" time="25.966"/>
  <testcase classname="testCases.CabBookingTest" name="testInvalidEmailGiftCard" time="24.373"/>
  <testcase classname="testCases.CabBookingTest" name="testHotelAdultCount" time="2.064"/>
</testsuite> <!-- testCases.CabBookingTest -->
