<?xml version="1.0" encoding="UTF-8"?>
<!-- Generated by org.testng.reporters.JUnitReportReporter -->
<testsuite hostname="DESKTOP-D3APFNB" failures="0" tests="3" name="testCases.CabBookingTest" time="43.990" errors="0" timestamp="2025-08-01T12:11:56 IST" skipped="0">
  <testcase classname="testCases.CabBookingTest" name="testCabFare" time="22.750"/>
  <testcase classname="testCases.CabBookingTest" name="testInvalidEmailGiftCard" time="19.528"/>
  <testcase classname="testCases.CabBookingTest" name="testHotelAdultCount" time="1.712"/>
</testsuite> <!-- testCases.CabBookingTest -->
