<?xml version="1.0" encoding="UTF-8"?>
<!-- Generated by org.testng.reporters.JUnitReportReporter -->
<testsuite hostname="DESKTOP-D3APFNB" failures="0" tests="3" name="tests.CabBookingTest" time="29.067" errors="0" timestamp="2025-07-25T09:33:03 IST" skipped="0">
  <testcase classname="tests.CabBookingTest" name="testCabFare" time="21.683"/>
  <testcase classname="tests.CabBookingTest" name="testInvalidEmailGiftCard" time="5.639"/>
  <testcase classname="tests.CabBookingTest" name="testHotelAdultCount" time="1.745"/>
</testsuite> <!-- tests.CabBookingTest -->
